Performing C SOURCE FILE Test CMAKE_HAVE_LIBC_PTHREAD failed with the following output:
Change Dir: /home/stephan/Documents/Dev/CppSDK/client/build/CMakeFiles/CMakeScratch/TryCompile-v1nGF6

Run Build Command(s):/usr/bin/make -f Makefile cmTC_0d06b/fast && /usr/bin/make  -f CMakeFiles/cmTC_0d06b.dir/build.make CMakeFiles/cmTC_0d06b.dir/build
make[1]: Entering directory '/home/stephan/Documents/Dev/CppSDK/client/build/CMakeFiles/CMakeScratch/TryCompile-v1nGF6'
Building C object CMakeFiles/cmTC_0d06b.dir/src.c.o
/usr/bin/cc -DCMAKE_HAVE_LIBC_PTHREAD   -o CMakeFiles/cmTC_0d06b.dir/src.c.o -c /home/stephan/Documents/Dev/CppSDK/client/build/CMakeFiles/CMakeScratch/TryCompile-v1nGF6/src.c
Linking C executable cmTC_0d06b
/home/stephan/miniconda3/lib/python3.10/site-packages/cmake/data/bin/cmake -E cmake_link_script CMakeFiles/cmTC_0d06b.dir/link.txt --verbose=1
/usr/bin/cc CMakeFiles/cmTC_0d06b.dir/src.c.o -o cmTC_0d06b 
/usr/bin/ld: CMakeFiles/cmTC_0d06b.dir/src.c.o: in function `main':
src.c:(.text+0x46): undefined reference to `pthread_create'
/usr/bin/ld: src.c:(.text+0x52): undefined reference to `pthread_detach'
/usr/bin/ld: src.c:(.text+0x5e): undefined reference to `pthread_cancel'
/usr/bin/ld: src.c:(.text+0x6f): undefined reference to `pthread_join'
collect2: error: ld returned 1 exit status
make[1]: *** [CMakeFiles/cmTC_0d06b.dir/build.make:99: cmTC_0d06b] Error 1
make[1]: Leaving directory '/home/stephan/Documents/Dev/CppSDK/client/build/CMakeFiles/CMakeScratch/TryCompile-v1nGF6'
make: *** [Makefile:127: cmTC_0d06b/fast] Error 2


Source file was:
#include <pthread.h>

static void* test_func(void* data)
{
  return data;
}

int main(void)
{
  pthread_t thread;
  pthread_create(&thread, NULL, test_func, NULL);
  pthread_detach(thread);
  pthread_cancel(thread);
  pthread_join(thread, NULL);
  pthread_atfork(NULL, NULL, NULL);
  pthread_exit(NULL);

  return 0;
}


Determining if the function pthread_create exists in the pthreads failed with the following output:
Change Dir: /home/stephan/Documents/Dev/CppSDK/client/build/CMakeFiles/CMakeScratch/TryCompile-SSTJ65

Run Build Command(s):/usr/bin/make -f Makefile cmTC_9c2a8/fast && /usr/bin/make  -f CMakeFiles/cmTC_9c2a8.dir/build.make CMakeFiles/cmTC_9c2a8.dir/build
make[1]: Entering directory '/home/stephan/Documents/Dev/CppSDK/client/build/CMakeFiles/CMakeScratch/TryCompile-SSTJ65'
Building C object CMakeFiles/cmTC_9c2a8.dir/CheckFunctionExists.c.o
/usr/bin/cc   -DCHECK_FUNCTION_EXISTS=pthread_create -o CMakeFiles/cmTC_9c2a8.dir/CheckFunctionExists.c.o -c /home/stephan/Documents/Dev/CppSDK/client/build/CMakeFiles/CMakeScratch/TryCompile-SSTJ65/CheckFunctionExists.c
Linking C executable cmTC_9c2a8
/home/stephan/miniconda3/lib/python3.10/site-packages/cmake/data/bin/cmake -E cmake_link_script CMakeFiles/cmTC_9c2a8.dir/link.txt --verbose=1
/usr/bin/cc  -DCHECK_FUNCTION_EXISTS=pthread_create CMakeFiles/cmTC_9c2a8.dir/CheckFunctionExists.c.o -o cmTC_9c2a8  -lpthreads 
/usr/bin/ld: cannot find -lpthreads
collect2: error: ld returned 1 exit status
make[1]: *** [CMakeFiles/cmTC_9c2a8.dir/build.make:99: cmTC_9c2a8] Error 1
make[1]: Leaving directory '/home/stephan/Documents/Dev/CppSDK/client/build/CMakeFiles/CMakeScratch/TryCompile-SSTJ65'
make: *** [Makefile:127: cmTC_9c2a8/fast] Error 2



